<?xml version="1.0" encoding="UTF-8"?>
<testng-results ignored="0" total="1" passed="1" failed="0" skipped="0">
  <reporter-output>
  </reporter-output>
  <suite started-at="2022-12-22T14:12:31 IST" name="Suite" finished-at="2022-12-22T14:13:32 IST" duration-ms="61187">
    <groups>
    </groups>
    <test started-at="2022-12-22T14:12:31 IST" name="Test" finished-at="2022-12-22T14:13:32 IST" duration-ms="61187">
      <class name="e_commerce_Test.Test1">
        <test-method signature="lounch()[pri:0, instance:e_commerce_Test.Test1@37654521]" started-at="2022-12-22T14:12:31 IST" name="lounch" finished-at="2022-12-22T14:13:32 IST" duration-ms="61009" status="PASS">
          <reporter-output>
          </reporter-output>
        </test-method> <!-- lounch -->
      </class> <!-- e_commerce_Test.Test1 -->
    </test> <!-- Test -->
  </suite> <!-- Suite -->
</testng-results>
